****                   ADMIXTURE Version 1.3.0                  ****
****                    Copyright 2008-2015                     ****
****           David Alexander, Suyash Shringarpure,            ****
****                John  Novembre, Ken Lange                   ****
****                                                            ****
****                 Please cite our paper!                     ****
****   Information at www.genetics.ucla.edu/software/admixture  ****

Cross-validation will be performed.  Folds=5.
Random seed: 43
Point estimation method: Block relaxation algorithm
Convergence acceleration algorithm: QuasiNewton, 3 secant conditions
Point estimation will terminate when objective function delta < 0.0001
Estimation of standard errors disabled; will compute point estimates only.
Size of G: 347x857440
Performing five EM steps to prime main algorithm
1 (EM) 	Elapsed: 109.315	Loglikelihood: -2.19803e+08	(delta): 2.91509e+08
2 (EM) 	Elapsed: 110.075	Loglikelihood: -2.12962e+08	(delta): 6.84102e+06
3 (EM) 	Elapsed: 7702.25	Loglikelihood: -2.11249e+08	(delta): 1.71299e+06
4 (EM) 	Elapsed: 5539	Loglikelihood: -2.1045e+08	(delta): 799108
5 (EM) 	Elapsed: 8040.54	Loglikelihood: -2.10062e+08	(delta): 388296
Initial loglikelihood: -2.10062e+08
Starting main algorithm
1 (QN/Block) 	Elapsed: 20516.8	Loglikelihood: -2.06177e+08	(delta): 3.88466e+06
2 (QN/Block) 	Elapsed: 15839	Loglikelihood: -2.05025e+08	(delta): 1.1523e+06
3 (QN/Block) 	Elapsed: 227.184	Loglikelihood: -2.04651e+08	(delta): 373512
4 (QN/Block) 	Elapsed: 301.08	Loglikelihood: -2.04519e+08	(delta): 132389
5 (QN/Block) 	Elapsed: 229.919	Loglikelihood: -2.04498e+08	(delta): 21124.2
6 (QN/Block) 	Elapsed: 266.576	Loglikelihood: -2.04492e+08	(delta): 5494.58
7 (QN/Block) 	Elapsed: 231.806	Loglikelihood: -2.04491e+08	(delta): 878.583
8 (QN/Block) 	Elapsed: 239.69	Loglikelihood: -2.04491e+08	(delta): 222.695
9 (QN/Block) 	Elapsed: 230.956	Loglikelihood: -2.04491e+08	(delta): 103.162
10 (QN/Block) 	Elapsed: 227.478	Loglikelihood: -2.04491e+08	(delta): 20.5909
11 (QN/Block) 	Elapsed: 227.329	Loglikelihood: -2.04491e+08	(delta): 3.04047
12 (QN/Block) 	Elapsed: 231.999	Loglikelihood: -2.04491e+08	(delta): 0.590107
13 (QN/Block) 	Elapsed: 228.431	Loglikelihood: -2.04491e+08	(delta): 0.100455
14 (QN/Block) 	Elapsed: 229.027	Loglikelihood: -2.04491e+08	(delta): 0.01588
15 (QN/Block) 	Elapsed: 229.169	Loglikelihood: -2.04491e+08	(delta): 0.00265843
16 (QN/Block) 	Elapsed: 228.848	Loglikelihood: -2.04491e+08	(delta): 8.46684e-05
Summary: 
Converged in 16 iterations (82548.2 sec)
Loglikelihood: -204491086.022678
Fst divergences between estimated populations: 
	Pop0	
Pop0	
Pop1	0.112	
CV error (K=2): 0.39323
Writing output files.
